2022-02-06 12:10:29,204:INFO:Initializing load_model()
2022-02-06 12:10:29,205:INFO:load_model(model_name=model, platform=None, authentication=None, verbose=True)
2022-02-06 12:11:04,779:INFO:Initializing load_model()
2022-02-06 12:11:04,780:INFO:load_model(model_name=model, platform=None, authentication=None, verbose=True)
2022-02-06 12:11:06,247:INFO:Initializing load_model()
2022-02-06 12:11:06,248:INFO:load_model(model_name=model, platform=None, authentication=None, verbose=True)
2022-02-06 12:11:17,653:INFO:Initializing load_model()
2022-02-06 12:11:17,655:INFO:load_model(model_name=model, platform=None, authentication=None, verbose=True)
2022-02-06 12:11:24,043:INFO:Initializing load_model()
2022-02-06 12:11:24,045:INFO:load_model(model_name=model, platform=None, authentication=None, verbose=True)
2022-02-06 12:11:24,389:INFO:Initializing predict_model()
2022-02-06 12:11:24,390:INFO:predict_model(estimator=Pipeline(steps=[('dtypes',
                 DataTypes_Auto_infer(ml_usecase='classification',
                                      numerical_features=['yearsAtCompany',
                                                          'averageMonthlyHours'],
                                      target='turnover')),
                ('imputer',
                 Iterative_Imputer(classifier=LGBMClassifier(random_state=123),
                                   max_iter=5, ordinal_columns=[],
                                   random_state=123,
                                   regressor=LGBMRegressor(random_state=123),
                                   target='turnover')),
                ('new_levels1...
                ('P_transform', 'passthrough'), ('binn', 'passthrough'),
                ('rem_outliers', 'passthrough'), ('cluster_all', 'passthrough'),
                ('dummy', Dummify(target='turnover')),
                ('fix_perfect', Remove_100(target='turnover')),
                ('clean_names', Clean_Colum_Names()),
                ('feature_select', 'passthrough'), ('fix_multi', 'passthrough'),
                ('dfs', 'passthrough'), ('pca', 'passthrough'),
                ['trained_model',
                 GradientBoostingClassifier(random_state=123)]]), probability_threshold=None, encoded_labels=False, drift_report=False, raw_score=False, round=4, verbose=True, ml_usecase=MLUsecase.CLASSIFICATION, display=None)
2022-02-06 12:11:24,391:INFO:Checking exceptions
2022-02-06 12:11:24,395:INFO:Preloading libraries
2022-02-06 12:12:02,129:INFO:Initializing load_model()
2022-02-06 12:12:02,130:INFO:load_model(model_name=model, platform=None, authentication=None, verbose=True)
2022-02-06 12:12:03,839:INFO:Initializing load_model()
2022-02-06 12:12:03,840:INFO:load_model(model_name=model, platform=None, authentication=None, verbose=True)
2022-02-06 12:12:04,059:INFO:Initializing predict_model()
2022-02-06 12:12:04,060:INFO:predict_model(estimator=Pipeline(steps=[('dtypes',
                 DataTypes_Auto_infer(ml_usecase='classification',
                                      numerical_features=['yearsAtCompany',
                                                          'averageMonthlyHours'],
                                      target='turnover')),
                ('imputer',
                 Iterative_Imputer(classifier=LGBMClassifier(random_state=123),
                                   max_iter=5, ordinal_columns=[],
                                   random_state=123,
                                   regressor=LGBMRegressor(random_state=123),
                                   target='turnover')),
                ('new_levels1...
                ('P_transform', 'passthrough'), ('binn', 'passthrough'),
                ('rem_outliers', 'passthrough'), ('cluster_all', 'passthrough'),
                ('dummy', Dummify(target='turnover')),
                ('fix_perfect', Remove_100(target='turnover')),
                ('clean_names', Clean_Colum_Names()),
                ('feature_select', 'passthrough'), ('fix_multi', 'passthrough'),
                ('dfs', 'passthrough'), ('pca', 'passthrough'),
                ['trained_model',
                 GradientBoostingClassifier(random_state=123)]]), probability_threshold=None, encoded_labels=False, drift_report=False, raw_score=False, round=4, verbose=True, ml_usecase=MLUsecase.CLASSIFICATION, display=None)
2022-02-06 12:12:04,063:INFO:Checking exceptions
2022-02-06 12:12:04,068:INFO:Preloading libraries
2022-02-06 12:31:53,590:INFO:Initializing load_model()
2022-02-06 12:31:53,593:INFO:load_model(model_name=model, platform=None, authentication=None, verbose=True)
2022-02-06 12:32:04,646:INFO:Initializing predict_model()
2022-02-06 12:32:04,647:INFO:predict_model(estimator=Pipeline(steps=[('dtypes',
                 DataTypes_Auto_infer(ml_usecase='classification',
                                      numerical_features=['yearsAtCompany',
                                                          'averageMonthlyHours'],
                                      target='turnover')),
                ('imputer',
                 Iterative_Imputer(classifier=LGBMClassifier(random_state=123),
                                   max_iter=5, ordinal_columns=[],
                                   random_state=123,
                                   regressor=LGBMRegressor(random_state=123),
                                   target='turnover')),
                ('new_levels1...
                ('P_transform', 'passthrough'), ('binn', 'passthrough'),
                ('rem_outliers', 'passthrough'), ('cluster_all', 'passthrough'),
                ('dummy', Dummify(target='turnover')),
                ('fix_perfect', Remove_100(target='turnover')),
                ('clean_names', Clean_Colum_Names()),
                ('feature_select', 'passthrough'), ('fix_multi', 'passthrough'),
                ('dfs', 'passthrough'), ('pca', 'passthrough'),
                ['trained_model',
                 GradientBoostingClassifier(random_state=123)]]), probability_threshold=None, encoded_labels=False, drift_report=False, raw_score=False, round=4, verbose=True, ml_usecase=MLUsecase.CLASSIFICATION, display=None)
2022-02-06 12:32:04,653:INFO:Checking exceptions
2022-02-06 12:32:04,658:INFO:Preloading libraries
2022-02-06 12:38:44,635:INFO:Initializing load_model()
2022-02-06 12:38:44,636:INFO:load_model(model_name=model, platform=None, authentication=None, verbose=True)
2022-02-06 12:39:15,578:INFO:Initializing load_model()
2022-02-06 12:39:15,579:INFO:load_model(model_name=model, platform=None, authentication=None, verbose=True)
2022-02-06 12:40:08,138:INFO:Initializing load_model()
2022-02-06 12:40:08,139:INFO:load_model(model_name=model, platform=None, authentication=None, verbose=True)
2022-02-06 12:40:10,804:INFO:Initializing load_model()
2022-02-06 12:40:10,804:INFO:load_model(model_name=model, platform=None, authentication=None, verbose=True)
2022-02-06 12:40:17,700:INFO:Initializing load_model()
2022-02-06 12:40:17,701:INFO:load_model(model_name=model, platform=None, authentication=None, verbose=True)
2022-02-06 12:40:20,197:INFO:Initializing load_model()
2022-02-06 12:40:20,198:INFO:load_model(model_name=model, platform=None, authentication=None, verbose=True)
2022-02-06 12:40:21,715:INFO:Initializing load_model()
2022-02-06 12:40:21,716:INFO:load_model(model_name=model, platform=None, authentication=None, verbose=True)
2022-02-06 12:40:21,879:INFO:Initializing predict_model()
2022-02-06 12:40:21,879:INFO:predict_model(estimator=Pipeline(steps=[('dtypes',
                 DataTypes_Auto_infer(ml_usecase='classification',
                                      numerical_features=['yearsAtCompany',
                                                          'averageMonthlyHours'],
                                      target='turnover')),
                ('imputer',
                 Iterative_Imputer(classifier=LGBMClassifier(random_state=123),
                                   max_iter=5, ordinal_columns=[],
                                   random_state=123,
                                   regressor=LGBMRegressor(random_state=123),
                                   target='turnover')),
                ('new_levels1...
                ('P_transform', 'passthrough'), ('binn', 'passthrough'),
                ('rem_outliers', 'passthrough'), ('cluster_all', 'passthrough'),
                ('dummy', Dummify(target='turnover')),
                ('fix_perfect', Remove_100(target='turnover')),
                ('clean_names', Clean_Colum_Names()),
                ('feature_select', 'passthrough'), ('fix_multi', 'passthrough'),
                ('dfs', 'passthrough'), ('pca', 'passthrough'),
                ['trained_model',
                 GradientBoostingClassifier(random_state=123)]]), probability_threshold=None, encoded_labels=False, drift_report=False, raw_score=False, round=4, verbose=True, ml_usecase=MLUsecase.CLASSIFICATION, display=None)
2022-02-06 12:40:21,886:INFO:Checking exceptions
2022-02-06 12:40:21,886:INFO:Preloading libraries
2022-02-06 12:40:50,894:INFO:Initializing load_model()
2022-02-06 12:40:50,897:INFO:load_model(model_name=model, platform=None, authentication=None, verbose=True)
2022-02-06 12:40:58,468:INFO:Initializing load_model()
2022-02-06 12:40:58,502:INFO:load_model(model_name=model, platform=None, authentication=None, verbose=True)
2022-02-06 12:41:03,195:INFO:Initializing load_model()
2022-02-06 12:41:03,196:INFO:load_model(model_name=model, platform=None, authentication=None, verbose=True)
2022-02-06 12:42:15,886:INFO:Initializing load_model()
2022-02-06 12:42:15,887:INFO:load_model(model_name=model, platform=None, authentication=None, verbose=True)
2022-02-06 12:42:20,075:INFO:Initializing load_model()
2022-02-06 12:42:20,075:INFO:load_model(model_name=model, platform=None, authentication=None, verbose=True)
2022-02-06 12:42:24,583:INFO:Initializing load_model()
2022-02-06 12:42:24,583:INFO:load_model(model_name=model, platform=None, authentication=None, verbose=True)
2022-02-06 12:42:33,508:INFO:Initializing load_model()
2022-02-06 12:42:33,509:INFO:load_model(model_name=model, platform=None, authentication=None, verbose=True)
2022-02-06 12:42:33,671:INFO:Initializing predict_model()
2022-02-06 12:42:33,672:INFO:predict_model(estimator=Pipeline(steps=[('dtypes',
                 DataTypes_Auto_infer(ml_usecase='classification',
                                      numerical_features=['yearsAtCompany',
                                                          'averageMonthlyHours'],
                                      target='turnover')),
                ('imputer',
                 Iterative_Imputer(classifier=LGBMClassifier(random_state=123),
                                   max_iter=5, ordinal_columns=[],
                                   random_state=123,
                                   regressor=LGBMRegressor(random_state=123),
                                   target='turnover')),
                ('new_levels1...
                ('P_transform', 'passthrough'), ('binn', 'passthrough'),
                ('rem_outliers', 'passthrough'), ('cluster_all', 'passthrough'),
                ('dummy', Dummify(target='turnover')),
                ('fix_perfect', Remove_100(target='turnover')),
                ('clean_names', Clean_Colum_Names()),
                ('feature_select', 'passthrough'), ('fix_multi', 'passthrough'),
                ('dfs', 'passthrough'), ('pca', 'passthrough'),
                ['trained_model',
                 GradientBoostingClassifier(random_state=123)]]), probability_threshold=None, encoded_labels=False, drift_report=False, raw_score=False, round=4, verbose=True, ml_usecase=MLUsecase.CLASSIFICATION, display=None)
2022-02-06 12:42:33,677:INFO:Checking exceptions
2022-02-06 12:42:33,679:INFO:Preloading libraries
2022-02-06 14:00:27,037:INFO:Initializing load_model()
2022-02-06 14:00:27,043:INFO:load_model(model_name=model, platform=None, authentication=None, verbose=True)
2022-02-06 14:00:28,027:INFO:Initializing load_model()
2022-02-06 14:00:28,028:INFO:load_model(model_name=model, platform=None, authentication=None, verbose=True)
2022-02-06 14:00:31,412:INFO:Initializing load_model()
2022-02-06 14:00:31,414:INFO:load_model(model_name=model, platform=None, authentication=None, verbose=True)
2022-02-06 14:00:31,760:INFO:Initializing predict_model()
2022-02-06 14:00:31,761:INFO:predict_model(estimator=Pipeline(steps=[('dtypes',
                 DataTypes_Auto_infer(ml_usecase='classification',
                                      numerical_features=['yearsAtCompany',
                                                          'averageMonthlyHours'],
                                      target='turnover')),
                ('imputer',
                 Iterative_Imputer(classifier=LGBMClassifier(random_state=123),
                                   max_iter=5, ordinal_columns=[],
                                   random_state=123,
                                   regressor=LGBMRegressor(random_state=123),
                                   target='turnover')),
                ('new_levels1...
                ('P_transform', 'passthrough'), ('binn', 'passthrough'),
                ('rem_outliers', 'passthrough'), ('cluster_all', 'passthrough'),
                ('dummy', Dummify(target='turnover')),
                ('fix_perfect', Remove_100(target='turnover')),
                ('clean_names', Clean_Colum_Names()),
                ('feature_select', 'passthrough'), ('fix_multi', 'passthrough'),
                ('dfs', 'passthrough'), ('pca', 'passthrough'),
                ['trained_model',
                 GradientBoostingClassifier(random_state=123)]]), probability_threshold=None, encoded_labels=False, drift_report=False, raw_score=False, round=4, verbose=True, ml_usecase=MLUsecase.CLASSIFICATION, display=None)
2022-02-06 14:00:31,785:INFO:Checking exceptions
2022-02-06 14:00:31,787:INFO:Preloading libraries
